#
# There is insufficient memory for the Java Runtime Environment to continue.
# Native memory allocation (malloc) failed to allocate 151376 bytes for Chunk::new
# Possible reasons:
#   The system is out of physical RAM or swap space
#   The process is running with CompressedOops enabled, and the Java Heap may be blocking the growth of the native heap
# Possible solutions:
#   Reduce memory load on the system
#   Increase physical memory or swap space
#   Check if swap backing store is full
#   Decrease Java heap size (-Xmx/-Xms)
#   Decrease number of Java threads
#   Decrease Java thread stack sizes (-Xss)
#   Set larger code cache with -XX:ReservedCodeCacheSize=
#   JVM is running with Unscaled Compressed Oops mode in which the Java heap is
#     placed in the first 4GB address space. The Java Heap base address is the
#     maximum limit for the native heap growth. Please use -XX:HeapBaseMinAddress
#     to set the Java Heap base and to place the Java Heap above 4GB virtual address.
# This output file may be truncated or incomplete.
#
#  Out of Memory Error (arena.cpp:184), pid=11928, tid=5404
#
# JRE version: OpenJDK Runtime Environment (18.0.1.1+2) (build 18.0.1.1+2-6)
# Java VM: OpenJDK 64-Bit Server VM (18.0.1.1+2-6, mixed mode, sharing, tiered, compressed oops, compressed class ptrs, g1 gc, windows-amd64)
# No core dump will be written. Minidumps are not enabled by default on client versions of Windows
#

---------------  S U M M A R Y ------------

Command Line: -ea -Didea.test.cyclic.buffer.size=1048576 -javaagent:C:\Program Files\JetBrains\IntelliJ IDEA Community Edition 2022.2.3\lib\idea_rt.jar=56978:C:\Program Files\JetBrains\IntelliJ IDEA Community Edition 2022.2.3\bin -Dfile.encoding=UTF-8 -Dsun.stdout.encoding=UTF-8 -Dsun.stderr.encoding=UTF-8 com.intellij.rt.testng.RemoteTestNGStarter -usedefaultlisteners false -socket56977 @w@C:\Users\SIBONI~1\AppData\Local\Temp\idea_working_dirs_testng2.tmp -temp C:\Users\SIBONI~1\AppData\Local\Temp\idea_testng2.tmp

Host: Intel(R) Core(TM) i5-7200U CPU @ 2.50GHz, 4 cores, 7G,  Windows 10 , 64 bit Build 19041 (10.0.19041.1889)
Time: Tue Nov 15 19:35:08 2022 South Africa Standard Time elapsed time: 7.940209 seconds (0d 0h 0m 7s)

---------------  T H R E A D  ---------------

Current thread (0x000001a94e3548e0):  JavaThread "C2 CompilerThread0" daemon [_thread_in_native, id=5404, stack(0x000000727a400000,0x000000727a500000)]


Current CompileTask:
C2:   7940 2640       4       jdk.internal.org.objectweb.asm.SymbolTable::addConstantUtf8Reference (101 bytes)

Stack: [0x000000727a400000,0x000000727a500000]
Native frames: (J=compiled Java code, j=interpreted, Vv=VM code, C=native code)
V  [jvm.dll+0x69887a]
V  [jvm.dll+0x7f38bd]
V  [jvm.dll+0x7f51ce]
V  [jvm.dll+0x7f5883]
V  [jvm.dll+0x25ca3f]
V  [jvm.dll+0xb8c2f]
V  [jvm.dll+0xb8fa5]
V  [jvm.dll+0x385a6b]
V  [jvm.dll+0x1d27c2]
V  [jvm.dll+0x22fd79]
V  [jvm.dll+0x22eff1]
V  [jvm.dll+0x1b9cfc]
V  [jvm.dll+0x23e8ca]
V  [jvm.dll+0x23cbb5]
V  [jvm.dll+0x7a5fb1]
V  [jvm.dll+0x7a03ea]
V  [jvm.dll+0x697725]
C  [ucrtbase.dll+0x21bb2]
C  [KERNEL32.DLL+0x17034]
C  [ntdll.dll+0x526a1]


---------------  P R O C E S S  ---------------

Threads class SMR info:
_java_thread_list=0x000001a953d2d340, length=25, elements={
0x000001a92eb0a5d0, 0x000001a94e333f60, 0x000001a94e338ae0, 0x000001a94e34f010,
0x000001a94e34fb80, 0x000001a94e351440, 0x000001a94e351cf0, 0x000001a94e3548e0,
0x000001a94e3551d0, 0x000001a94e3ca1a0, 0x000001a952540690, 0x000001a952628640,
0x000001a952628b00, 0x000001a953648dc0, 0x000001a9537e8020, 0x000001a953a1dea0,
0x000001a9539dd010, 0x000001a953a934d0, 0x000001a953847aa0, 0x000001a953850070,
0x000001a953850ee0, 0x000001a953853a30, 0x000001a953851880, 0x000001a9538513b0,
0x000001a953853560
}

Java Threads: ( => current thread )
  0x000001a92eb0a5d0 JavaThread "main" [_thread_in_Java, id=14460, stack(0x0000007279700000,0x0000007279800000)]
  0x000001a94e333f60 JavaThread "Reference Handler" daemon [_thread_blocked, id=11924, stack(0x0000007279e00000,0x0000007279f00000)]
  0x000001a94e338ae0 JavaThread "Finalizer" daemon [_thread_blocked, id=6312, stack(0x0000007279f00000,0x000000727a000000)]
  0x000001a94e34f010 JavaThread "Signal Dispatcher" daemon [_thread_blocked, id=15488, stack(0x000000727a000000,0x000000727a100000)]
  0x000001a94e34fb80 JavaThread "Attach Listener" daemon [_thread_blocked, id=12744, stack(0x000000727a100000,0x000000727a200000)]
  0x000001a94e351440 JavaThread "Service Thread" daemon [_thread_blocked, id=3108, stack(0x000000727a200000,0x000000727a300000)]
  0x000001a94e351cf0 JavaThread "Monitor Deflation Thread" daemon [_thread_blocked, id=13100, stack(0x000000727a300000,0x000000727a400000)]
=>0x000001a94e3548e0 JavaThread "C2 CompilerThread0" daemon [_thread_in_native, id=5404, stack(0x000000727a400000,0x000000727a500000)]
  0x000001a94e3551d0 JavaThread "C1 CompilerThread0" daemon [_thread_blocked, id=12068, stack(0x000000727a500000,0x000000727a600000)]
  0x000001a94e3ca1a0 JavaThread "Sweeper thread" daemon [_thread_blocked, id=18172, stack(0x000000727a600000,0x000000727a700000)]
  0x000001a952540690 JavaThread "Common-Cleaner" daemon [_thread_blocked, id=5444, stack(0x000000727a700000,0x000000727a800000)]
  0x000001a952628640 JavaThread "Monitor Ctrl-Break" daemon [_thread_in_native, id=892, stack(0x000000727a800000,0x000000727a900000)]
  0x000001a952628b00 JavaThread "Notification Thread" daemon [_thread_blocked, id=5776, stack(0x000000727a900000,0x000000727aa00000)]
  0x000001a953648dc0 JavaThread "ForkJoinPool.commonPool-worker-1" daemon [_thread_blocked, id=18112, stack(0x000000727af00000,0x000000727b000000)]
  0x000001a9537e8020 JavaThread "AsyncHttpClient-1-1" daemon [_thread_blocked, id=18164, stack(0x000000727b000000,0x000000727b100000)]
  0x000001a953a1dea0 JavaThread "Exec Default Executor" daemon [_thread_in_native, id=11236, stack(0x000000727ab00000,0x000000727ac00000)]
  0x000001a9539dd010 JavaThread "Driver Service Executor" daemon [_thread_blocked, id=14432, stack(0x000000727b100000,0x000000727b200000)]
  0x000001a953a934d0 JavaThread "Driver Service Executor" daemon [_thread_blocked, id=18148, stack(0x000000727b200000,0x000000727b300000)]
  0x000001a953847aa0 JavaThread "UrlChecker-2" daemon [_thread_blocked, id=18296, stack(0x000000727b300000,0x000000727b400000)]
  0x000001a953850070 JavaThread "Exec Stream Pumper" daemon [_thread_in_native, id=18368, stack(0x000000727b500000,0x000000727b600000)]
  0x000001a953850ee0 JavaThread "Exec Stream Pumper" daemon [_thread_in_native, id=6204, stack(0x000000727b600000,0x000000727b700000)]
  0x000001a953853a30 JavaThread "Keep-Alive-Timer" daemon [_thread_blocked, id=16300, stack(0x000000727b700000,0x000000727b800000)]
  0x000001a953851880 JavaThread "AsyncHttpClient-1-2" daemon [_thread_in_native, id=16092, stack(0x000000727b800000,0x000000727b900000)]
  0x000001a9538513b0 JavaThread "AsyncHttpClient-1-3" daemon [_thread_in_native, id=8332, stack(0x000000727b900000,0x000000727ba00000)]
  0x000001a953853560 JavaThread "AsyncHttpClient-1-4" daemon [_thread_in_native, id=14532, stack(0x000000727ba00000,0x000000727bb00000)]

Other Threads:
  0x000001a94e3318c0 VMThread "VM Thread" [stack: 0x0000007279d00000,0x0000007279e00000] [id=3112]
  0x000001a952628120 WatcherThread "VM Periodic Task Thread" [stack: 0x000000727aa00000,0x000000727ab00000] [id=15148]
  0x000001a92eb69ab0 WorkerThread "GC Thread#0" [stack: 0x0000007279800000,0x0000007279900000] [id=15628]
  0x000001a952c31030 WorkerThread "GC Thread#1" [stack: 0x000000727ac00000,0x000000727ad00000] [id=12992]
  0x000001a952c312d0 WorkerThread "GC Thread#2" [stack: 0x000000727ad00000,0x000000727ae00000] [id=16400]
  0x000001a952e7b780 WorkerThread "GC Thread#3" [stack: 0x000000727ae00000,0x000000727af00000] [id=7032]
  0x000001a92eb7a530 ConcurrentGCThread "G1 Main Marker" [stack: 0x0000007279900000,0x0000007279a00000] [id=4092]
  0x000001a92eb7ae30 WorkerThread "G1 Conc#0" [stack: 0x0000007279a00000,0x0000007279b00000] [id=17500]
  0x000001a92ebb8820 ConcurrentGCThread "G1 Refine#0" [stack: 0x0000007279b00000,0x0000007279c00000] [id=16424]
  0x000001a92ebb9040 ConcurrentGCThread "G1 Service" [stack: 0x0000007279c00000,0x0000007279d00000] [id=10048]

Threads with active compile tasks:
C2 CompilerThread0     7975 2640       4       jdk.internal.org.objectweb.asm.SymbolTable::addConstantUtf8Reference (101 bytes)

VM state: not at safepoint (normal execution)

VM Mutex/Monitor currently owned by a thread: None

Heap address: 0x0000000081e00000, size: 2018 MB, Compressed Oops mode: 32-bit

CDS archive(s) mapped at: [0x0000000800000000-0x0000000800b90000-0x0000000800b90000), size 12124160, SharedBaseAddress: 0x0000000800000000, ArchiveRelocationMode: 0.
Compressed class space mapped at: 0x0000000800c00000-0x0000000840c00000, reserved size: 1073741824
Narrow klass base: 0x0000000800000000, Narrow klass shift: 0, Narrow klass range: 0x100000000

GC Precious Log:
 CardTable entry size: 512
 Card Set container configuration: InlinePtr #cards 5 size 8 Array Of Cards #cards 12 size 40 Howl #buckets 4 coarsen threshold 1843 Howl Bitmap #cards 512 size 80 coarsen threshold 460 Card regions per heap region 1 cards per card region 2048
 CPUs: 4 total, 4 available
 Memory: 8064M
 Large Page Support: Disabled
 NUMA Support: Disabled
 Compressed Oops: Enabled (32-bit)
 Heap Region Size: 1M
 Heap Min Capacity: 8M
 Heap Initial Capacity: 128M
 Heap Max Capacity: 2018M
 Pre-touch: Disabled
 Parallel Workers: 4
 Concurrent Workers: 1
 Concurrent Refinement Workers: 4
 Periodic GC: Disabled

Heap:
 garbage-first heap   total 86016K, used 34142K [0x0000000081e00000, 0x0000000100000000)
  region size 1024K, 16 young (16384K), 5 survivors (5120K)
 Metaspace       used 23429K, committed 23808K, reserved 1114112K
  class space    used 2843K, committed 3008K, reserved 1048576K

Heap Regions: E=young(eden), S=young(survivor), O=old, HS=humongous(starts), HC=humongous(continues), CS=collection set, F=free, OA=open archive, CA=closed archive, TAMS=top-at-mark-start (previous, next)
|   0|0x0000000081e00000, 0x0000000081f00000, 0x0000000081f00000|100%| O|  |TAMS 0x0000000081f00000, 0x0000000081e00000| Untracked 
|   1|0x0000000081f00000, 0x0000000082000000, 0x0000000082000000|100%| O|  |TAMS 0x0000000082000000, 0x0000000081f00000| Untracked 
|   2|0x0000000082000000, 0x0000000082100000, 0x0000000082100000|100%| O|  |TAMS 0x0000000082100000, 0x0000000082000000| Untracked 
|   3|0x0000000082100000, 0x0000000082200000, 0x0000000082200000|100%| O|  |TAMS 0x0000000082200000, 0x0000000082100000| Untracked 
|   4|0x0000000082200000, 0x0000000082300000, 0x0000000082300000|100%| O|  |TAMS 0x0000000082300000, 0x0000000082200000| Untracked 
|   5|0x0000000082300000, 0x0000000082400000, 0x0000000082400000|100%| O|  |TAMS 0x0000000082400000, 0x0000000082300000| Untracked 
|   6|0x0000000082400000, 0x0000000082500000, 0x0000000082500000|100%| O|  |TAMS 0x0000000082500000, 0x0000000082400000| Untracked 
|   7|0x0000000082500000, 0x0000000082600000, 0x0000000082600000|100%| O|  |TAMS 0x0000000082600000, 0x0000000082500000| Untracked 
|   8|0x0000000082600000, 0x0000000082700000, 0x0000000082700000|100%| O|  |TAMS 0x0000000082700000, 0x0000000082600000| Untracked 
|   9|0x0000000082700000, 0x0000000082800000, 0x0000000082800000|100%| O|  |TAMS 0x0000000082800000, 0x0000000082700000| Untracked 
|  10|0x0000000082800000, 0x0000000082900000, 0x0000000082900000|100%| O|  |TAMS 0x0000000082900000, 0x0000000082800000| Untracked 
|  11|0x0000000082900000, 0x0000000082a00000, 0x0000000082a00000|100%|HS|  |TAMS 0x0000000082a00000, 0x0000000082900000| Complete 
|  12|0x0000000082a00000, 0x0000000082b00000, 0x0000000082b00000|100%|HC|  |TAMS 0x0000000082b00000, 0x0000000082a00000| Complete 
|  13|0x0000000082b00000, 0x0000000082c00000, 0x0000000082c00000|100%|HC|  |TAMS 0x0000000082c00000, 0x0000000082b00000| Complete 
|  14|0x0000000082c00000, 0x0000000082d00000, 0x0000000082d00000|100%|HC|  |TAMS 0x0000000082d00000, 0x0000000082c00000| Complete 
|  15|0x0000000082d00000, 0x0000000082e00000, 0x0000000082e00000|100%|HC|  |TAMS 0x0000000082e00000, 0x0000000082d00000| Complete 
|  16|0x0000000082e00000, 0x0000000082f00000, 0x0000000082f00000|100%| O|  |TAMS 0x0000000082e00000, 0x0000000082e00000| Untracked 
|  17|0x0000000082f00000, 0x0000000083000000, 0x0000000083000000|100%| O|  |TAMS 0x0000000082f00000, 0x0000000082f00000| Untracked 
|  18|0x0000000083000000, 0x00000000830aa400, 0x0000000083100000| 66%| O|  |TAMS 0x0000000083000000, 0x0000000083000000| Untracked 
|  19|0x0000000083100000, 0x0000000083100000, 0x0000000083200000|  0%| F|  |TAMS 0x0000000083100000, 0x0000000083100000| Untracked 
|  20|0x0000000083200000, 0x0000000083200000, 0x0000000083300000|  0%| F|  |TAMS 0x0000000083200000, 0x0000000083200000| Untracked 
|  21|0x0000000083300000, 0x0000000083300000, 0x0000000083400000|  0%| F|  |TAMS 0x0000000083300000, 0x0000000083300000| Untracked 
|  22|0x0000000083400000, 0x0000000083400000, 0x0000000083500000|  0%| F|  |TAMS 0x0000000083400000, 0x0000000083400000| Untracked 
|  23|0x0000000083500000, 0x0000000083500000, 0x0000000083600000|  0%| F|  |TAMS 0x0000000083500000, 0x0000000083500000| Untracked 
|  24|0x0000000083600000, 0x0000000083600000, 0x0000000083700000|  0%| F|  |TAMS 0x0000000083600000, 0x0000000083600000| Untracked 
|  25|0x0000000083700000, 0x0000000083700000, 0x0000000083800000|  0%| F|  |TAMS 0x0000000083700000, 0x0000000083700000| Untracked 
|  26|0x0000000083800000, 0x0000000083800000, 0x0000000083900000|  0%| F|  |TAMS 0x0000000083800000, 0x0000000083800000| Untracked 
|  27|0x0000000083900000, 0x0000000083900000, 0x0000000083a00000|  0%| F|  |TAMS 0x0000000083900000, 0x0000000083900000| Untracked 
|  28|0x0000000083a00000, 0x0000000083a00000, 0x0000000083b00000|  0%| F|  |TAMS 0x0000000083a00000, 0x0000000083a00000| Untracked 
|  29|0x0000000083b00000, 0x0000000083b00000, 0x0000000083c00000|  0%| F|  |TAMS 0x0000000083b00000, 0x0000000083b00000| Untracked 
|  30|0x0000000083c00000, 0x0000000083c00000, 0x0000000083d00000|  0%| F|  |TAMS 0x0000000083c00000, 0x0000000083c00000| Untracked 
|  31|0x0000000083d00000, 0x0000000083d00000, 0x0000000083e00000|  0%| F|  |TAMS 0x0000000083d00000, 0x0000000083d00000| Untracked 
|  32|0x0000000083e00000, 0x0000000083e00000, 0x0000000083f00000|  0%| F|  |TAMS 0x0000000083e00000, 0x0000000083e00000| Untracked 
|  33|0x0000000083f00000, 0x0000000083f00000, 0x0000000084000000|  0%| F|  |TAMS 0x0000000083f00000, 0x0000000083f00000| Untracked 
|  34|0x0000000084000000, 0x0000000084000000, 0x0000000084100000|  0%| F|  |TAMS 0x0000000084000000, 0x0000000084000000| Untracked 
|  35|0x0000000084100000, 0x0000000084100000, 0x0000000084200000|  0%| F|  |TAMS 0x0000000084100000, 0x0000000084100000| Untracked 
|  36|0x0000000084200000, 0x0000000084200000, 0x0000000084300000|  0%| F|  |TAMS 0x0000000084200000, 0x0000000084200000| Untracked 
|  37|0x0000000084300000, 0x0000000084300000, 0x0000000084400000|  0%| F|  |TAMS 0x0000000084300000, 0x0000000084300000| Untracked 
|  38|0x0000000084400000, 0x0000000084400000, 0x0000000084500000|  0%| F|  |TAMS 0x0000000084400000, 0x0000000084400000| Untracked 
|  39|0x0000000084500000, 0x0000000084500000, 0x0000000084600000|  0%| F|  |TAMS 0x0000000084500000, 0x0000000084500000| Untracked 
|  40|0x0000000084600000, 0x0000000084600000, 0x0000000084700000|  0%| F|  |TAMS 0x0000000084600000, 0x0000000084600000| Untracked 
|  41|0x0000000084700000, 0x0000000084700000, 0x0000000084800000|  0%| F|  |TAMS 0x0000000084700000, 0x0000000084700000| Untracked 
|  42|0x0000000084800000, 0x0000000084800000, 0x0000000084900000|  0%| F|  |TAMS 0x0000000084800000, 0x0000000084800000| Untracked 
|  43|0x0000000084900000, 0x0000000084900000, 0x0000000084a00000|  0%| F|  |TAMS 0x0000000084900000, 0x0000000084900000| Untracked 
|  44|0x0000000084a00000, 0x0000000084a00000, 0x0000000084b00000|  0%| F|  |TAMS 0x0000000084a00000, 0x0000000084a00000| Untracked 
|  45|0x0000000084b00000, 0x0000000084b00000, 0x0000000084c00000|  0%| F|  |TAMS 0x0000000084b00000, 0x0000000084b00000| Untracked 
|  46|0x0000000084c00000, 0x0000000084c00000, 0x0000000084d00000|  0%| F|  |TAMS 0x0000000084c00000, 0x0000000084c00000| Untracked 
|  47|0x0000000084d00000, 0x0000000084d00000, 0x0000000084e00000|  0%| F|  |TAMS 0x0000000084d00000, 0x0000000084d00000| Untracked 
|  48|0x0000000084e00000, 0x0000000084e00000, 0x0000000084f00000|  0%| F|  |TAMS 0x0000000084e00000, 0x0000000084e00000| Untracked 
|  49|0x0000000084f00000, 0x0000000084f00000, 0x0000000085000000|  0%| F|  |TAMS 0x0000000084f00000, 0x0000000084f00000| Untracked 
|  50|0x0000000085000000, 0x0000000085000000, 0x0000000085100000|  0%| F|  |TAMS 0x0000000085000000, 0x0000000085000000| Untracked 
|  51|0x0000000085100000, 0x0000000085100000, 0x0000000085200000|  0%| F|  |TAMS 0x0000000085100000, 0x0000000085100000| Untracked 
|  52|0x0000000085200000, 0x0000000085200000, 0x0000000085300000|  0%| F|  |TAMS 0x0000000085200000, 0x0000000085200000| Untracked 
|  53|0x0000000085300000, 0x0000000085300000, 0x0000000085400000|  0%| F|  |TAMS 0x0000000085300000, 0x0000000085300000| Untracked 
|  54|0x0000000085400000, 0x0000000085400000, 0x0000000085500000|  0%| F|  |TAMS 0x0000000085400000, 0x0000000085400000| Untracked 
|  55|0x0000000085500000, 0x0000000085500000, 0x0000000085600000|  0%| F|  |TAMS 0x0000000085500000, 0x0000000085500000| Untracked 
|  56|0x0000000085600000, 0x0000000085600000, 0x0000000085700000|  0%| F|  |TAMS 0x0000000085600000, 0x0000000085600000| Untracked 
|  57|0x0000000085700000, 0x0000000085700000, 0x0000000085800000|  0%| F|  |TAMS 0x0000000085700000, 0x0000000085700000| Untracked 
|  58|0x0000000085800000, 0x0000000085800000, 0x0000000085900000|  0%| F|  |TAMS 0x0000000085800000, 0x0000000085800000| Untracked 
|  59|0x0000000085900000, 0x0000000085900000, 0x0000000085a00000|  0%| F|  |TAMS 0x0000000085900000, 0x0000000085900000| Untracked 
|  60|0x0000000085a00000, 0x0000000085a00000, 0x0000000085b00000|  0%| F|  |TAMS 0x0000000085a00000, 0x0000000085a00000| Untracked 
|  61|0x0000000085b00000, 0x0000000085b00000, 0x0000000085c00000|  0%| F|  |TAMS 0x0000000085b00000, 0x0000000085b00000| Untracked 
|  62|0x0000000085c00000, 0x0000000085c00000, 0x0000000085d00000|  0%| F|  |TAMS 0x0000000085c00000, 0x0000000085c00000| Untracked 
|  63|0x0000000085d00000, 0x0000000085d00000, 0x0000000085e00000|  0%| F|  |TAMS 0x0000000085d00000, 0x0000000085d00000| Untracked 
|  64|0x0000000085e00000, 0x0000000085e00000, 0x0000000085f00000|  0%| F|  |TAMS 0x0000000085e00000, 0x0000000085e00000| Untracked 
|  65|0x0000000085f00000, 0x0000000085f00000, 0x0000000086000000|  0%| F|  |TAMS 0x0000000085f00000, 0x0000000085f00000| Untracked 
|  66|0x0000000086000000, 0x0000000086000000, 0x0000000086100000|  0%| F|  |TAMS 0x0000000086000000, 0x0000000086000000| Untracked 
|  67|0x0000000086100000, 0x0000000086100000, 0x0000000086200000|  0%| F|  |TAMS 0x0000000086100000, 0x0000000086100000| Untracked 
|  68|0x0000000086200000, 0x0000000086282270, 0x0000000086300000| 50%| E|  |TAMS 0x0000000086200000, 0x0000000086200000| Complete 
|  69|0x0000000086300000, 0x0000000086400000, 0x0000000086400000|100%| E|CS|TAMS 0x0000000086300000, 0x0000000086300000| Complete 
|  70|0x0000000086400000, 0x0000000086500000, 0x0000000086500000|100%| E|CS|TAMS 0x0000000086400000, 0x0000000086400000| Complete 
|  71|0x0000000086500000, 0x0000000086600000, 0x0000000086600000|100%| E|CS|TAMS 0x0000000086500000, 0x0000000086500000| Complete 
|  72|0x0000000086600000, 0x0000000086700000, 0x0000000086700000|100%| E|CS|TAMS 0x0000000086600000, 0x0000000086600000| Complete 
|  73|0x0000000086700000, 0x0000000086800000, 0x0000000086800000|100%| E|CS|TAMS 0x0000000086700000, 0x0000000086700000| Complete 
|  74|0x0000000086800000, 0x0000000086900000, 0x0000000086900000|100%| E|CS|TAMS 0x0000000086800000, 0x0000000086800000| Complete 
|  75|0x0000000086900000, 0x0000000086a00000, 0x0000000086a00000|100%| E|CS|TAMS 0x0000000086900000, 0x0000000086900000| Complete 
|  76|0x0000000086a00000, 0x0000000086b00000, 0x0000000086b00000|100%| E|CS|TAMS 0x0000000086a00000, 0x0000000086a00000| Complete 
|  77|0x0000000086b00000, 0x0000000086c00000, 0x0000000086c00000|100%| E|CS|TAMS 0x0000000086b00000, 0x0000000086b00000| Complete 
| 117|0x0000000089300000, 0x00000000893ad7d0, 0x0000000089400000| 67%| S|CS|TAMS 0x0000000089300000, 0x0000000089300000| Complete 
| 118|0x0000000089400000, 0x0000000089500000, 0x0000000089500000|100%| S|CS|TAMS 0x0000000089400000, 0x0000000089400000| Complete 
| 119|0x0000000089500000, 0x0000000089600000, 0x0000000089600000|100%| S|CS|TAMS 0x0000000089500000, 0x0000000089500000| Complete 
| 120|0x0000000089600000, 0x0000000089700000, 0x0000000089700000|100%| S|CS|TAMS 0x0000000089600000, 0x0000000089600000| Complete 
| 121|0x0000000089700000, 0x0000000089800000, 0x0000000089800000|100%| S|CS|TAMS 0x0000000089700000, 0x0000000089700000| Complete 
| 127|0x0000000089d00000, 0x0000000089e00000, 0x0000000089e00000|100%| E|CS|TAMS 0x0000000089d00000, 0x0000000089d00000| Complete 

Card table byte_map: [0x000001a947630000,0x000001a947a30000] _byte_map_base: 0x000001a947221000

Marking Bits (Prev, Next): (CMBitMap*) 0x000001a92eb6a000, (CMBitMap*) 0x000001a92eb69fc0
 Prev Bits: [0x000001a949dc0000, 0x000001a94bd48000)
 Next Bits: [0x000001a947e30000, 0x000001a949db8000)

Polling page: 0x000001a92ebc0000

Metaspace:

Usage:
  Non-class:     20.12 MB used.
      Class:      2.78 MB used.
       Both:     22.90 MB used.

Virtual space:
  Non-class space:       64.00 MB reserved,      20.31 MB ( 32%) committed,  1 nodes.
      Class space:        1.00 GB reserved,       3.00 MB ( <1%) committed,  1 nodes.
             Both:        1.06 GB reserved,      23.31 MB (  2%) committed. 

Chunk freelists:
   Non-Class:  3.64 MB
       Class:  958.00 KB
        Both:  4.58 MB

MaxMetaspaceSize: unlimited
CompressedClassSpaceSize: 1.00 GB
Initial GC threshold: 21.00 MB
Current GC threshold: 35.12 MB
CDS: on
MetaspaceReclaimPolicy: balanced
 - commit_granule_bytes: 65536.
 - commit_granule_words: 8192.
 - virtual_space_node_default_size: 8388608.
 - enlarge_chunks_in_place: 1.
 - new_chunks_are_fully_committed: 0.
 - uncommit_free_chunks: 1.
 - use_allocation_guard: 0.


Internal statistics:

num_allocs_failed_limit: 3.
num_arena_births: 348.
num_arena_deaths: 2.
num_vsnodes_births: 2.
num_vsnodes_deaths: 0.
num_space_committed: 373.
num_space_uncommitted: 0.
num_chunks_returned_to_freelist: 6.
num_chunks_taken_from_freelist: 954.
num_chunk_merges: 0.
num_chunk_splits: 647.
num_chunks_enlarged: 496.
num_inconsistent_stats: 0.

CodeHeap 'non-profiled nmethods': size=120000Kb used=1099Kb max_used=1099Kb free=118900Kb
 bounds [0x000001a93f6e0000, 0x000001a93f950000, 0x000001a946c10000]
CodeHeap 'profiled nmethods': size=120000Kb used=5444Kb max_used=5444Kb free=114555Kb
 bounds [0x000001a9381b0000, 0x000001a938710000, 0x000001a93f6e0000]
CodeHeap 'non-nmethods': size=5760Kb used=1294Kb max_used=1307Kb free=4465Kb
 bounds [0x000001a937c10000, 0x000001a937e80000, 0x000001a9381b0000]
 total_blobs=3307 nmethods=2709 adapters=510
 compilation: enabled
              stopped_count=0, restarted_count=0
 full_count=0

Compilation events (20 events):
Event: 7.930 Thread 0x000001a94e3551d0 nmethod 2660 0x000001a9386f0c90 code [0x000001a9386f0e20, 0x000001a9386f0ff8]
Event: 7.930 Thread 0x000001a94e3551d0 2661       3       java.util.Spliterators$ArraySpliterator::estimateSize (11 bytes)
Event: 7.930 Thread 0x000001a94e3551d0 nmethod 2661 0x000001a9386f1090 code [0x000001a9386f1220, 0x000001a9386f1338]
Event: 7.931 Thread 0x000001a94e3551d0 2662       3       java.lang.String::join (281 bytes)
Event: 7.933 Thread 0x000001a94e3551d0 nmethod 2662 0x000001a9386f1410 code [0x000001a9386f1760, 0x000001a9386f2be8]
Event: 7.933 Thread 0x000001a94e3551d0 2664       3       java.util.StringJoiner::<init> (63 bytes)
Event: 7.933 Thread 0x000001a94e3551d0 nmethod 2664 0x000001a9386f3610 code [0x000001a9386f3860, 0x000001a9386f41c8]
Event: 7.933 Thread 0x000001a94e3551d0 2665       3       java.util.StringJoiner::toString (53 bytes)
Event: 7.934 Thread 0x000001a94e3551d0 nmethod 2665 0x000001a9386f4510 code [0x000001a9386f46c0, 0x000001a9386f48e8]
Event: 7.934 Thread 0x000001a94e3551d0 2666       3       java.lang.System$2::join (11 bytes)
Event: 7.936 Thread 0x000001a94e3551d0 nmethod 2666 0x000001a9386f4990 code [0x000001a9386f4ce0, 0x000001a9386f6208]
Event: 7.936 Thread 0x000001a94e3551d0 2663       3       java.util.stream.ReduceOps$ReduceOp::<init> (10 bytes)
Event: 7.936 Thread 0x000001a94e3551d0 nmethod 2663 0x000001a9386f6c90 code [0x000001a9386f6e20, 0x000001a9386f6fd8]
Event: 7.936 Thread 0x000001a94e3551d0 2667       3       java.util.stream.ReduceOps$ReduceOp::evaluateSequential (18 bytes)
Event: 7.936 Thread 0x000001a94e3551d0 nmethod 2667 0x000001a9386f7090 code [0x000001a9386f7260, 0x000001a9386f76e8]
Event: 7.936 Thread 0x000001a94e3551d0 2668       1       org.testng.internal.ConstructorOrMethod::getMethod (5 bytes)
Event: 7.936 Thread 0x000001a94e3551d0 nmethod 2668 0x000001a93f7edd10 code [0x000001a93f7edea0, 0x000001a93f7edf78]
Event: 7.937 Thread 0x000001a94e3551d0 2669       3       sun.invoke.util.Wrapper::isSubwordOrInt (20 bytes)
Event: 7.937 Thread 0x000001a94e3551d0 nmethod 2669 0x000001a9386f7810 code [0x000001a9386f79c0, 0x000001a9386f7dd8]
Event: 7.937 Thread 0x000001a94e3551d0 2670       3       sun.invoke.util.Wrapper::isIntegral (23 bytes)

GC Heap History (10 events):
Event: 0.857 GC heap before
{Heap before GC invocations=0 (full 0):
 garbage-first heap   total 131072K, used 12288K [0x0000000081e00000, 0x0000000100000000)
  region size 1024K, 13 young (13312K), 0 survivors (0K)
 Metaspace       used 2223K, committed 2368K, reserved 1114112K
  class space    used 214K, committed 256K, reserved 1048576K
}
Event: 0.863 GC heap after
{Heap after GC invocations=1 (full 0):
 garbage-first heap   total 131072K, used 7037K [0x0000000081e00000, 0x0000000100000000)
  region size 1024K, 2 young (2048K), 2 survivors (2048K)
 Metaspace       used 2223K, committed 2368K, reserved 1114112K
  class space    used 214K, committed 256K, reserved 1048576K
}
Event: 1.390 GC heap before
{Heap before GC invocations=1 (full 0):
 garbage-first heap   total 131072K, used 15229K [0x0000000081e00000, 0x0000000100000000)
  region size 1024K, 11 young (11264K), 2 survivors (2048K)
 Metaspace       used 6300K, committed 6528K, reserved 1114112K
  class space    used 673K, committed 768K, reserved 1048576K
}
Event: 1.396 GC heap after
{Heap after GC invocations=2 (full 0):
 garbage-first heap   total 131072K, used 8486K [0x0000000081e00000, 0x0000000100000000)
  region size 1024K, 2 young (2048K), 2 survivors (2048K)
 Metaspace       used 6300K, committed 6528K, reserved 1114112K
  class space    used 673K, committed 768K, reserved 1048576K
}
Event: 2.083 GC heap before
{Heap before GC invocations=2 (full 0):
 garbage-first heap   total 131072K, used 26918K [0x0000000081e00000, 0x0000000100000000)
  region size 1024K, 21 young (21504K), 2 survivors (2048K)
 Metaspace       used 9900K, committed 10176K, reserved 1114112K
  class space    used 1035K, committed 1152K, reserved 1048576K
}
Event: 2.092 GC heap after
{Heap after GC invocations=3 (full 0):
 garbage-first heap   total 131072K, used 12654K [0x0000000081e00000, 0x0000000100000000)
  region size 1024K, 3 young (3072K), 3 survivors (3072K)
 Metaspace       used 9900K, committed 10176K, reserved 1114112K
  class space    used 1035K, committed 1152K, reserved 1048576K
}
Event: 3.639 GC heap before
{Heap before GC invocations=3 (full 0):
 garbage-first heap   total 131072K, used 51566K [0x0000000081e00000, 0x0000000100000000)
  region size 1024K, 41 young (41984K), 3 survivors (3072K)
 Metaspace       used 19511K, committed 19840K, reserved 1114112K
  class space    used 2274K, committed 2432K, reserved 1048576K
}
Event: 3.652 GC heap after
{Heap after GC invocations=4 (full 0):
 garbage-first heap   total 131072K, used 17408K [0x0000000081e00000, 0x0000000100000000)
  region size 1024K, 6 young (6144K), 6 survivors (6144K)
 Metaspace       used 19511K, committed 19840K, reserved 1114112K
  class space    used 2274K, committed 2432K, reserved 1048576K
}
Event: 3.941 GC heap before
{Heap before GC invocations=4 (full 0):
 garbage-first heap   total 131072K, used 27648K [0x0000000081e00000, 0x0000000100000000)
  region size 1024K, 12 young (12288K), 6 survivors (6144K)
 Metaspace       used 21195K, committed 21504K, reserved 1114112K
  class space    used 2508K, committed 2688K, reserved 1048576K
}
Event: 3.950 GC heap after
{Heap after GC invocations=5 (full 0):
 garbage-first heap   total 131072K, used 23902K [0x0000000081e00000, 0x0000000100000000)
  region size 1024K, 5 young (5120K), 5 survivors (5120K)
 Metaspace       used 21195K, committed 21504K, reserved 1114112K
  class space    used 2508K, committed 2688K, reserved 1048576K
}

Deoptimization events (20 events):
Event: 2.709 Thread 0x000001a92eb0a5d0 DEOPT PACKING pc=0x000001a93f7bf648 sp=0x00000072797f9320
Event: 2.709 Thread 0x000001a92eb0a5d0 DEOPT UNPACKING pc=0x000001a937c623a3 sp=0x00000072797f92a8 mode 2
Event: 2.741 Thread 0x000001a92eb0a5d0 DEOPT PACKING pc=0x000001a93827a8fd sp=0x00000072797f8d60
Event: 2.741 Thread 0x000001a92eb0a5d0 DEOPT UNPACKING pc=0x000001a937c62b43 sp=0x00000072797f81e8 mode 0
Event: 2.821 Thread 0x000001a92eb0a5d0 Uncommon trap: trap_request=0xffffff45 fr.pc=0x000001a93f7544c4 relative=0x0000000000000224
Event: 2.821 Thread 0x000001a92eb0a5d0 Uncommon trap: reason=unstable_if action=reinterpret pc=0x000001a93f7544c4 method=java.util.HashMap.putVal(ILjava/lang/Object;Ljava/lang/Object;ZZ)Ljava/lang/Object; @ 162 c2
Event: 2.821 Thread 0x000001a92eb0a5d0 DEOPT PACKING pc=0x000001a93f7544c4 sp=0x00000072797f9240
Event: 2.821 Thread 0x000001a92eb0a5d0 DEOPT UNPACKING pc=0x000001a937c623a3 sp=0x00000072797f9178 mode 2
Event: 3.159 Thread 0x000001a92eb0a5d0 Uncommon trap: trap_request=0xffffff45 fr.pc=0x000001a93f7a10f0 relative=0x00000000000005d0
Event: 3.159 Thread 0x000001a92eb0a5d0 Uncommon trap: reason=unstable_if action=reinterpret pc=0x000001a93f7a10f0 method=java.lang.String.replace(CC)Ljava/lang/String; @ 2 c2
Event: 3.159 Thread 0x000001a92eb0a5d0 DEOPT PACKING pc=0x000001a93f7a10f0 sp=0x00000072797fdae0
Event: 3.159 Thread 0x000001a92eb0a5d0 DEOPT UNPACKING pc=0x000001a937c623a3 sp=0x00000072797fda90 mode 2
Event: 3.389 Thread 0x000001a92eb0a5d0 Uncommon trap: trap_request=0xffffff45 fr.pc=0x000001a93f7b13dc relative=0x0000000000000bfc
Event: 3.389 Thread 0x000001a92eb0a5d0 Uncommon trap: reason=unstable_if action=reinterpret pc=0x000001a93f7b13dc method=jdk.internal.org.objectweb.asm.Frame.execute(IILjdk/internal/org/objectweb/asm/Symbol;Ljdk/internal/org/objectweb/asm/SymbolTable;)V @ 1 c2
Event: 3.389 Thread 0x000001a92eb0a5d0 DEOPT PACKING pc=0x000001a93f7b13dc sp=0x00000072797fc160
Event: 3.389 Thread 0x000001a92eb0a5d0 DEOPT UNPACKING pc=0x000001a937c623a3 sp=0x00000072797fc0c8 mode 2
Event: 5.206 Thread 0x000001a953851880 Uncommon trap: trap_request=0xffffff45 fr.pc=0x000001a93f77ed54 relative=0x00000000000001d4
Event: 5.206 Thread 0x000001a953851880 Uncommon trap: reason=unstable_if action=reinterpret pc=0x000001a93f77ed54 method=java.io.ByteArrayInputStream.read()I @ 8 c2
Event: 5.206 Thread 0x000001a953851880 DEOPT PACKING pc=0x000001a93f77ed54 sp=0x000000727b8feab0
Event: 5.206 Thread 0x000001a953851880 DEOPT UNPACKING pc=0x000001a937c623a3 sp=0x000000727b8fea68 mode 2

Classes loaded (20 events):
Event: 5.157 Loading class java/util/Comparators$NaturalOrderComparator
Event: 5.157 Loading class java/util/Comparators$NaturalOrderComparator done
Event: 5.158 Loading class java/util/stream/ReferencePipeline$4
Event: 5.159 Loading class java/util/stream/ReferencePipeline$4 done
Event: 5.159 Loading class java/util/function/IntBinaryOperator
Event: 5.159 Loading class java/util/function/IntBinaryOperator done
Event: 5.160 Loading class java/util/stream/ReduceOps$6
Event: 5.160 Loading class java/util/stream/ReduceOps$6 done
Event: 5.160 Loading class java/util/stream/ReduceOps$5ReducingSink
Event: 5.162 Loading class java/util/stream/ReduceOps$5ReducingSink done
Event: 5.162 Loading class java/util/stream/ReferencePipeline$4$1
Event: 5.163 Loading class java/util/stream/ReferencePipeline$4$1 done
Event: 5.163 Loading class java/util/stream/SortedOps$SizedRefSortingSink
Event: 5.163 Loading class java/util/stream/SortedOps$AbstractRefSortingSink
Event: 5.163 Loading class java/util/stream/SortedOps$AbstractRefSortingSink done
Event: 5.163 Loading class java/util/stream/SortedOps$SizedRefSortingSink done
Event: 7.897 Loading class java/lang/annotation/ElementType
Event: 7.897 Loading class java/lang/annotation/ElementType done
Event: 7.913 Loading class java/util/AbstractList$ListItr
Event: 7.913 Loading class java/util/AbstractList$ListItr done

Classes unloaded (1 events):
Event: 3.979 Thread 0x000001a94e3318c0 Unloading class 0x0000000800c04400 'java/lang/invoke/LambdaForm$DMH+0x0000000800c04400'

Classes redefined (0 events):
No events

Internal exceptions (20 events):
Event: 3.178 Thread 0x000001a953a1dea0 Exception <a 'java/lang/NoSuchMethodError'{0x0000000087dd9910}: 'java.lang.Object java.lang.invoke.DirectMethodHandle$Holder.newInvokeSpecial(java.lang.Object, java.lang.Object, long)'> (0x0000000087dd9910) 
thrown [s\open\src\hotspot\share\interpreter\linkResolver.cpp, line 766]
Event: 3.179 Thread 0x000001a953a1dea0 Exception <a 'java/lang/NoSuchMethodError'{0x0000000087ddd488}: 'java.lang.Object java.lang.invoke.Invokers$Holder.linkToTargetMethod(java.lang.Object, long, java.lang.Object)'> (0x0000000087ddd488) 
thrown [s\open\src\hotspot\share\interpreter\linkResolver.cpp, line 766]
Event: 3.179 Thread 0x000001a953847aa0 Exception <a 'java/net/ConnectException'{0x0000000087c696d8}: Connection refused: no further information> (0x0000000087c696d8) 
thrown [s\open\src\hotspot\share\prims\jni.cpp, line 535]
Event: 3.179 Thread 0x000001a953847aa0 Exception <a 'java/net/SocketException'{0x0000000087c69a10}: Socket is not connected: shutdown> (0x0000000087c69a10) 
thrown [s\open\src\hotspot\share\prims\jni.cpp, line 535]
Event: 3.204 Thread 0x000001a953847aa0 Exception <a 'java/net/ConnectException'{0x0000000087c6aa78}: Connection refused: no further information> (0x0000000087c6aa78) 
thrown [s\open\src\hotspot\share\prims\jni.cpp, line 535]
Event: 3.204 Thread 0x000001a953847aa0 Exception <a 'java/net/SocketException'{0x0000000087c6adb0}: Socket is not connected: shutdown> (0x0000000087c6adb0) 
thrown [s\open\src\hotspot\share\prims\jni.cpp, line 535]
Event: 3.237 Thread 0x000001a953847aa0 Exception <a 'java/net/ConnectException'{0x0000000087c6bd48}: Connection refused: no further information> (0x0000000087c6bd48) 
thrown [s\open\src\hotspot\share\prims\jni.cpp, line 535]
Event: 3.237 Thread 0x000001a953847aa0 Exception <a 'java/net/SocketException'{0x0000000087c6c080}: Socket is not connected: shutdown> (0x0000000087c6c080) 
thrown [s\open\src\hotspot\share\prims\jni.cpp, line 535]
Event: 3.389 Thread 0x000001a92eb0a5d0 Exception <a 'java/lang/NoSuchMethodError'{0x0000000087b627c0}: 'double java.lang.invoke.DirectMethodHandle$Holder.invokeVirtual(java.lang.Object, java.lang.Object)'> (0x0000000087b627c0) 
thrown [s\open\src\hotspot\share\interpreter\linkResolver.cpp, line 766]
Event: 3.389 Thread 0x000001a92eb0a5d0 Exception <a 'java/lang/NoSuchMethodError'{0x0000000087b690b8}: 'float java.lang.invoke.DirectMethodHandle$Holder.invokeVirtual(java.lang.Object, java.lang.Object)'> (0x0000000087b690b8) 
thrown [s\open\src\hotspot\share\interpreter\linkResolver.cpp, line 766]
Event: 3.390 Thread 0x000001a92eb0a5d0 Exception <a 'java/lang/NoSuchMethodError'{0x0000000087b72338}: 'long java.lang.invoke.DirectMethodHandle$Holder.invokeVirtual(java.lang.Object, java.lang.Object)'> (0x0000000087b72338) 
thrown [s\open\src\hotspot\share\interpreter\linkResolver.cpp, line 766]
Event: 3.437 Thread 0x000001a92eb0a5d0 Exception <a 'java/lang/NoSuchMethodError'{0x0000000087900d58}: 'void java.lang.invoke.DirectMethodHandle$Holder.invokeStatic(java.lang.Object, java.lang.Object, int)'> (0x0000000087900d58) 
thrown [s\open\src\hotspot\share\interpreter\linkResolver.cpp, line 766]
Event: 3.473 Thread 0x000001a92eb0a5d0 Exception <a 'java/lang/NoSuchMethodError'{0x00000000879b6de0}: 'java.lang.Object java.lang.invoke.DirectMethodHandle$Holder.newInvokeSpecial(java.lang.Object, java.lang.Object, java.lang.Object, java.lang.Object, java.lang.Object)'> (0x00000000879b6de0) 
thrown [s\open\src\hotspot\share\interpreter\linkResolver.cpp, line 766]
Event: 3.526 Thread 0x000001a92eb0a5d0 Exception <a 'java/lang/NoSuchMethodError'{0x00000000877257e8}: 'int java.lang.invoke.DirectMethodHandle$Holder.invokeSpecialIFC(java.lang.Object, java.lang.Object, java.lang.Object)'> (0x00000000877257e8) 
thrown [s\open\src\hotspot\share\interpreter\linkResolver.cpp, line 766]
Event: 3.691 Thread 0x000001a92eb0a5d0 Exception <a 'java/lang/NoSuchMethodError'{0x0000000089daa2e0}: 'void java.lang.invoke.DirectMethodHandle$Holder.invokeSpecial(java.lang.Object, java.lang.Object, java.lang.Object, java.lang.Object, java.lang.Object, java.lang.Object)'> (0x0000000089daa2e0) 
thrown [s\open\src\hotspot\share\interpreter\linkResolver.cpp, line 766]
Event: 3.714 Thread 0x000001a92eb0a5d0 Exception <a 'java/lang/NoSuchMethodError'{0x0000000089c3a718}: 'long java.lang.invoke.DirectMethodHandle$Holder.invokeInterface(java.lang.Object, java.lang.Object)'> (0x0000000089c3a718) 
thrown [s\open\src\hotspot\share\interpreter\linkResolver.cpp, line 766]
Event: 3.715 Thread 0x000001a92eb0a5d0 Exception <a 'java/lang/NoSuchMethodError'{0x0000000089c3ed00}: 'long java.lang.invoke.DelegatingMethodHandle$Holder.reinvoke_L(java.lang.Object, java.lang.Object)'> (0x0000000089c3ed00) 
thrown [s\open\src\hotspot\share\interpreter\linkResolver.cpp, line 766]
Event: 4.917 Thread 0x000001a92eb0a5d0 Exception <a 'java/lang/NoSuchMethodError'{0x0000000086a41720}: 'java.lang.Object java.lang.invoke.DirectMethodHandle$Holder.invokeSpecialIFC(java.lang.Object, java.lang.Object, java.lang.Object)'> (0x0000000086a41720) 
thrown [s\open\src\hotspot\share\interpreter\linkResolver.cpp, line 766]
Event: 4.944 Thread 0x000001a92eb0a5d0 Exception <a 'java/lang/ClassNotFoundException'{0x0000000086aa32c0}: sun/util/logging/resources/spi/loggingProvider> (0x0000000086aa32c0) 
thrown [s\open\src\hotspot\share\classfile\systemDictionary.cpp, line 255]
Event: 7.934 Thread 0x000001a92eb0a5d0 Exception <a 'java/lang/IncompatibleClassChangeError'{0x00000000864ed6d0}: Found class java.lang.Object, but interface was expected> (0x00000000864ed6d0) 
thrown [s\open\src\hotspot\share\interpreter\linkResolver.cpp, line 833]

VM Operations (20 events):
Event: 2.474 Executing VM operation: HandshakeAllThreads
Event: 2.474 Executing VM operation: HandshakeAllThreads done
Event: 3.365 Executing VM operation: HandshakeAllThreads
Event: 3.365 Executing VM operation: HandshakeAllThreads done
Event: 3.365 Executing VM operation: Cleanup
Event: 3.366 Executing VM operation: Cleanup done
Event: 3.368 Executing VM operation: HandshakeAllThreads
Event: 3.368 Executing VM operation: HandshakeAllThreads done
Event: 3.544 Executing VM operation: HandshakeAllThreads
Event: 3.544 Executing VM operation: HandshakeAllThreads done
Event: 3.639 Executing VM operation: G1CollectForAllocation
Event: 3.652 Executing VM operation: G1CollectForAllocation done
Event: 3.941 Executing VM operation: CollectForMetadataAllocation
Event: 3.950 Executing VM operation: CollectForMetadataAllocation done
Event: 3.979 Executing VM operation: G1Concurrent
Event: 3.983 Executing VM operation: G1Concurrent done
Event: 3.994 Executing VM operation: G1Concurrent
Event: 3.994 Executing VM operation: G1Concurrent done
Event: 5.996 Executing VM operation: Cleanup
Event: 5.996 Executing VM operation: Cleanup done

Events (20 events):
Event: 0.561 Loaded shared library C:\Users\Siboniso Mabuza\.jdks\openjdk-18.0.1.1\bin\jimage.dll
Event: 0.716 Thread 0x000001a952aa9de0 Thread added: 0x000001a952aa9de0
Event: 1.410 Loaded shared library C:\Users\Siboniso Mabuza\.jdks\openjdk-18.0.1.1\bin\sunmscapi.dll
Event: 1.805 Thread 0x000001a952aa9de0 Thread exited: 0x000001a952aa9de0
Event: 1.812 Thread 0x000001a9527b00c0 Thread added: 0x000001a9527b00c0
Event: 2.335 Thread 0x000001a953648dc0 Thread added: 0x000001a953648dc0
Event: 2.644 Loaded shared library C:\Users\Siboniso Mabuza\.jdks\openjdk-18.0.1.1\bin\management.dll
Event: 2.650 Loaded shared library C:\Users\Siboniso Mabuza\.jdks\openjdk-18.0.1.1\bin\management_ext.dll
Event: 2.695 Thread 0x000001a9537e8020 Thread added: 0x000001a9537e8020
Event: 2.851 Thread 0x000001a9527b00c0 Thread exited: 0x000001a9527b00c0
Event: 3.161 Thread 0x000001a953a1dea0 Thread added: 0x000001a953a1dea0
Event: 3.165 Thread 0x000001a9539dd010 Thread added: 0x000001a9539dd010
Event: 3.166 Thread 0x000001a953a934d0 Thread added: 0x000001a953a934d0
Event: 3.169 Thread 0x000001a953847aa0 Thread added: 0x000001a953847aa0
Event: 3.181 Thread 0x000001a953850070 Thread added: 0x000001a953850070
Event: 3.181 Thread 0x000001a953850ee0 Thread added: 0x000001a953850ee0
Event: 3.368 Thread 0x000001a953853a30 Thread added: 0x000001a953853a30
Event: 3.834 Thread 0x000001a953851880 Thread added: 0x000001a953851880
Event: 5.059 Thread 0x000001a9538513b0 Thread added: 0x000001a9538513b0
Event: 5.086 Thread 0x000001a953853560 Thread added: 0x000001a953853560


Dynamic libraries:
0x00007ff61bcb0000 - 0x00007ff61bcbe000 	C:\Users\Siboniso Mabuza\.jdks\openjdk-18.0.1.1\bin\java.exe
0x00007fff87670000 - 0x00007fff87868000 	C:\WINDOWS\SYSTEM32\ntdll.dll
0x00007fff86100000 - 0x00007fff861bd000 	C:\WINDOWS\System32\KERNEL32.DLL
0x00007fff84d80000 - 0x00007fff85052000 	C:\WINDOWS\System32\KERNELBASE.dll
0x00007fff85060000 - 0x00007fff85160000 	C:\WINDOWS\System32\ucrtbase.dll
0x00007fff52f50000 - 0x00007fff52f67000 	C:\Users\Siboniso Mabuza\.jdks\openjdk-18.0.1.1\bin\jli.dll
0x00007fff87380000 - 0x00007fff8751d000 	C:\WINDOWS\System32\USER32.dll
0x00007fff85380000 - 0x00007fff853a2000 	C:\WINDOWS\System32\win32u.dll
0x00007fff86630000 - 0x00007fff8665b000 	C:\WINDOWS\System32\GDI32.dll
0x00007fff853b0000 - 0x00007fff854bf000 	C:\WINDOWS\System32\gdi32full.dll
0x00007fff530e0000 - 0x00007fff530fa000 	C:\Users\Siboniso Mabuza\.jdks\openjdk-18.0.1.1\bin\VCRUNTIME140.dll
0x00007fff85530000 - 0x00007fff855cd000 	C:\WINDOWS\System32\msvcp_win.dll
0x00007fff68e40000 - 0x00007fff690da000 	C:\WINDOWS\WinSxS\amd64_microsoft.windows.common-controls_6595b64144ccf1df_6.0.19041.1110_none_60b5254171f9507e\COMCTL32.dll
0x00007fff87530000 - 0x00007fff875ce000 	C:\WINDOWS\System32\msvcrt.dll
0x00007fff85730000 - 0x00007fff85760000 	C:\WINDOWS\System32\IMM32.DLL
0x00007fff58d10000 - 0x00007fff58d1c000 	C:\Users\Siboniso Mabuza\.jdks\openjdk-18.0.1.1\bin\vcruntime140_1.dll
0x00007fff50180000 - 0x00007fff5020d000 	C:\Users\Siboniso Mabuza\.jdks\openjdk-18.0.1.1\bin\msvcp140.dll
0x00007fff0f800000 - 0x00007fff10410000 	C:\Users\Siboniso Mabuza\.jdks\openjdk-18.0.1.1\bin\server\jvm.dll
0x00007fff872d0000 - 0x00007fff8737e000 	C:\WINDOWS\System32\ADVAPI32.dll
0x00007fff85a40000 - 0x00007fff85adc000 	C:\WINDOWS\System32\sechost.dll
0x00007fff85db0000 - 0x00007fff85ed5000 	C:\WINDOWS\System32\RPCRT4.dll
0x00007fff86aa0000 - 0x00007fff86aa8000 	C:\WINDOWS\System32\PSAPI.DLL
0x00007fff73910000 - 0x00007fff73937000 	C:\WINDOWS\SYSTEM32\WINMM.dll
0x00007fff73790000 - 0x00007fff73799000 	C:\WINDOWS\SYSTEM32\WSOCK32.dll
0x00007fff85b60000 - 0x00007fff85bcb000 	C:\WINDOWS\System32\WS2_32.dll
0x00007fff77fb0000 - 0x00007fff77fba000 	C:\WINDOWS\SYSTEM32\VERSION.dll
0x00007fff83600000 - 0x00007fff83612000 	C:\WINDOWS\SYSTEM32\kernel.appcore.dll
0x00007fff52f40000 - 0x00007fff52f4a000 	C:\Users\Siboniso Mabuza\.jdks\openjdk-18.0.1.1\bin\jimage.dll
0x00007fff832a0000 - 0x00007fff83484000 	C:\WINDOWS\SYSTEM32\DBGHELP.DLL
0x00007fff721e0000 - 0x00007fff7220c000 	C:\WINDOWS\SYSTEM32\dbgcore.DLL
0x00007fff85160000 - 0x00007fff851e2000 	C:\WINDOWS\System32\bcryptPrimitives.dll
0x00007fff7fd40000 - 0x00007fff7fd4e000 	C:\Users\Siboniso Mabuza\.jdks\openjdk-18.0.1.1\bin\instrument.dll
0x00007fff4fe00000 - 0x00007fff4fe25000 	C:\Users\Siboniso Mabuza\.jdks\openjdk-18.0.1.1\bin\java.dll
0x00007fff4d360000 - 0x00007fff4d436000 	C:\Users\Siboniso Mabuza\.jdks\openjdk-18.0.1.1\bin\jsvml.dll
0x00007fff86ab0000 - 0x00007fff871f3000 	C:\WINDOWS\System32\SHELL32.dll
0x00007fff82a30000 - 0x00007fff831c1000 	C:\WINDOWS\SYSTEM32\windows.storage.dll
0x00007fff86740000 - 0x00007fff86a94000 	C:\WINDOWS\System32\combase.dll
0x00007fff84700000 - 0x00007fff84730000 	C:\WINDOWS\SYSTEM32\Wldp.dll
0x00007fff85990000 - 0x00007fff85a3d000 	C:\WINDOWS\System32\SHCORE.dll
0x00007fff856d0000 - 0x00007fff85725000 	C:\WINDOWS\System32\shlwapi.dll
0x00007fff84cc0000 - 0x00007fff84cdf000 	C:\WINDOWS\SYSTEM32\profapi.dll
0x00007fff4bc30000 - 0x00007fff4bc48000 	C:\Users\Siboniso Mabuza\.jdks\openjdk-18.0.1.1\bin\zip.dll
0x00007fff4d120000 - 0x00007fff4d133000 	C:\Users\Siboniso Mabuza\.jdks\openjdk-18.0.1.1\bin\net.dll
0x00007fff77400000 - 0x00007fff7750d000 	C:\WINDOWS\SYSTEM32\WINHTTP.dll
0x00007fff84460000 - 0x00007fff844ca000 	C:\WINDOWS\system32\mswsock.dll
0x00007fff4c700000 - 0x00007fff4c716000 	C:\Users\Siboniso Mabuza\.jdks\openjdk-18.0.1.1\bin\nio.dll
0x00007fff7fd20000 - 0x00007fff7fd3a000 	C:\Program Files\JetBrains\IntelliJ IDEA Community Edition 2022.2.3\bin\breakgen64.dll
0x00007fff7fce0000 - 0x00007fff7fcf0000 	C:\Users\Siboniso Mabuza\.jdks\openjdk-18.0.1.1\bin\verify.dll
0x00007fff84660000 - 0x00007fff84678000 	C:\WINDOWS\SYSTEM32\CRYPTSP.dll
0x00007fff83d80000 - 0x00007fff83db4000 	C:\WINDOWS\system32\rsaenh.dll
0x00007fff85350000 - 0x00007fff85377000 	C:\WINDOWS\System32\bcrypt.dll
0x00007fff84c40000 - 0x00007fff84c6e000 	C:\WINDOWS\SYSTEM32\USERENV.dll
0x00007fff84650000 - 0x00007fff8465c000 	C:\WINDOWS\SYSTEM32\CRYPTBASE.dll
0x00007fff84150000 - 0x00007fff8418b000 	C:\WINDOWS\SYSTEM32\IPHLPAPI.DLL
0x00007fff87520000 - 0x00007fff87528000 	C:\WINDOWS\System32\NSI.dll
0x00007fff78060000 - 0x00007fff78077000 	C:\WINDOWS\SYSTEM32\dhcpcsvc6.DLL
0x00007fff78040000 - 0x00007fff7805d000 	C:\WINDOWS\SYSTEM32\dhcpcsvc.DLL
0x00007fff84190000 - 0x00007fff8425a000 	C:\WINDOWS\SYSTEM32\DNSAPI.dll
0x00007fff7fc40000 - 0x00007fff7fc4e000 	C:\Users\Siboniso Mabuza\.jdks\openjdk-18.0.1.1\bin\sunmscapi.dll
0x00007fff851f0000 - 0x00007fff85346000 	C:\WINDOWS\System32\CRYPT32.dll
0x00007fff84770000 - 0x00007fff84797000 	C:\WINDOWS\SYSTEM32\ncrypt.dll
0x00007fff84730000 - 0x00007fff8476b000 	C:\WINDOWS\SYSTEM32\NTASN1.dll
0x00007fff76ab0000 - 0x00007fff76aba000 	C:\Windows\System32\rasadhlp.dll
0x00007fff76b00000 - 0x00007fff76b80000 	C:\WINDOWS\System32\fwpuclnt.dll
0x00007fff7fd10000 - 0x00007fff7fd19000 	C:\Users\Siboniso Mabuza\.jdks\openjdk-18.0.1.1\bin\management.dll
0x00007fff7fd00000 - 0x00007fff7fd0b000 	C:\Users\Siboniso Mabuza\.jdks\openjdk-18.0.1.1\bin\management_ext.dll

dbghelp: loaded successfully - version: 4.0.5 - missing functions: none
symbol engine: initialized successfully - sym options: 0x614 - pdb path: .;C:\Users\Siboniso Mabuza\.jdks\openjdk-18.0.1.1\bin;C:\WINDOWS\SYSTEM32;C:\WINDOWS\WinSxS\amd64_microsoft.windows.common-controls_6595b64144ccf1df_6.0.19041.1110_none_60b5254171f9507e;C:\Users\Siboniso Mabuza\.jdks\openjdk-18.0.1.1\bin\server;C:\Program Files\JetBrains\IntelliJ IDEA Community Edition 2022.2.3\bin

VM Arguments:
jvm_args: -ea -Didea.test.cyclic.buffer.size=1048576 -javaagent:C:\Program Files\JetBrains\IntelliJ IDEA Community Edition 2022.2.3\lib\idea_rt.jar=56978:C:\Program Files\JetBrains\IntelliJ IDEA Community Edition 2022.2.3\bin -Dfile.encoding=UTF-8 -Dsun.stdout.encoding=UTF-8 -Dsun.stderr.encoding=UTF-8 
java_command: com.intellij.rt.testng.RemoteTestNGStarter -usedefaultlisteners false -socket56977 @w@C:\Users\SIBONI~1\AppData\Local\Temp\idea_working_dirs_testng2.tmp -temp C:\Users\SIBONI~1\AppData\Local\Temp\idea_testng2.tmp
java_class_path (initial): C:\Program Files\JetBrains\IntelliJ IDEA Community Edition 2022.2.3\lib\idea_rt.jar;C:\Program Files\JetBrains\IntelliJ IDEA Community Edition 2022.2.3\plugins\testng\lib\testng-rt.jar;C:\Users\Siboniso Mabuza\IdeaProjects\API_Framewor_Complete\TestingAssessmentJava\target\test-classes;C:\Users\Siboniso Mabuza\IdeaProjects\API_Framewor_Complete\TestingAssessmentJava\target\classes;C:\Users\Siboniso Mabuza\.m2\repository\org\seleniumhq\selenium\selenium-java\4.5.0\selenium-java-4.5.0.jar;C:\Users\Siboniso Mabuza\.m2\repository\org\seleniumhq\selenium\selenium-api\4.5.0\selenium-api-4.5.0.jar;C:\Users\Siboniso Mabuza\.m2\repository\org\seleniumhq\selenium\selenium-chrome-driver\4.5.0\selenium-chrome-driver-4.5.0.jar;C:\Users\Siboniso Mabuza\.m2\repository\com\google\auto\service\auto-service-annotations\1.0.1\auto-service-annotations-1.0.1.jar;C:\Users\Siboniso Mabuza\.m2\repository\com\google\auto\service\auto-service\1.0.1\auto-service-1.0.1.jar;C:\Users\Siboniso Mabuza\.m2\repository\com\google\auto\auto-common\1.2\auto-common-1.2.jar;C:\Users\Siboniso Mabuza\.m2\repository\com\google\guava\guava\31.1-jre\guava-31.1-jre.jar;C:\Users\Siboniso Mabuza\.m2\repository\com\google\guava\failureaccess\1.0.1\failureaccess-1.0.1.jar;C:\Users\Siboniso Mabuza\.m2\repository\com\google\guava\listenablefuture\9999.0-empty-to-avoid-conflict-with-guava\listenablefuture-9999.0-empty-to-avoid-conflict-with-guava.jar;C:\Users\Siboniso Mabuza\.m2\repository\org\checkerframework\checker-qual\3.12.0\checker-qual-3.12.0.jar;C:\Users\Siboniso Mabuza\.m2\repository\com\google\errorprone\error_prone_annotations\2.11.0\error_prone_annotations-2.11.0.jar;C:\Users\Siboniso Mabuza\.m2\repository\com\google\j2objc\j2objc-annotations\1.3\j2objc-annotations-1.3.jar;C:\Users\Siboniso Mabuza\.m2\repository\org\seleniumhq\selenium\selenium-chromium-driver\4.5.0\selenium-chromium-driver-4.5.0.jar;C:\Users\Siboniso Mabuza\.m2\repository\org\seleniumhq\selenium\selenium-json\4.5.0\selenium-json-4.5.0.jar;C:\Users\Siboniso Mabuza\.m2\repository\org\seleniumhq\selenium\selenium-devtools-v104\4.5.0\selenium-devtools-v104-4.5.0.jar;C:\Users\Siboniso Mabuza\.m2\repository\org\seleniumhq\selenium\selenium-devtools-v105\4.5.0\selenium-devtools-v105-4.5.0.jar;C:\Users\Siboniso Mabuza\.m2\repository\org\seleniumhq\selenium\selenium-devtools-v106\4.5.0\selenium-devtools-v106-4.5.0.jar;C:\Users\Siboniso Mabuza\.m2\repository\org\seleniumhq\selenium\selenium-devtools-v85\4.5.0\selenium-devtools-v85-4.5.0.jar;C:\Users\Siboniso Mabuza\.m2\repository\org\seleniumhq\selenium\selenium-edge-driver\4.5.0\selenium-edge-driver-4.5.0.jar;C:\Users\Siboniso Mabuza\.m2\repository\org\seleniumhq\selenium\selenium-firefox-driver\4.5.0\selenium-firefox-driver-4.5.0.jar;C:\Users\Siboniso Mabuza\.m2\repository\org\seleniumhq\selenium\selenium-ie-driver\4.5.0\selenium-ie-driver-4.5.0.jar;C:\Users\Siboniso Mabuza\.m2\repository\org\seleniumhq\selenium\selenium-remote-driver\4.5.0\selenium-remote-driver-4.5.0.jar;C:\Users\Siboniso Mabuza\.m2\repository\io\netty\netty-buffer\4.1.79.Final\netty-buffer-4.1.79.Final.jar;C:\Users\Siboniso Mabuza\.m2\repository\io\netty\netty-codec-http\4.1.79.Final\netty-codec-http-4.1.79.Final.jar;C:\Users\Siboniso Mabuza\.m2\repository\io\netty\netty-codec\4.1.79.Final\netty-codec-4.1.79.Final.jar;C:\Users\Siboniso Mabuza\.m2\repository\io\netty\netty-handler\4.1.79.Final\netty-handler-4.1.79.Final.jar;C:\Users\Siboniso Mabuza\.m2\repository\io\netty\netty-common\4.1.79.Final\netty-common-4.1.79.Final.jar;C:\Users\Siboniso Mabuza\.m2\repository\io\netty\netty-transport-classes-epoll\4.1.79.Final\netty-transport-classes-epoll-4.1.79.Final.jar;C:\Users\Siboniso Mabuza\.m2\repository\io\netty\netty-transport-classes-kqueue\4.1.79.Final\netty-transport-classes-kqueue-4.1.79.Final.jar;C:\Users\Siboniso Mabuza\.m2\repository\io\netty\netty-transport-native-epoll\4.1.79.Final\netty-transport-native-epoll-4.1.79.Final.jar;C:\Users\Siboniso Mabuza\.m2\repository\io\netty\netty-transport-native-kqueue\4.1.79.Final\netty-transport-native-kqueue-4.1.79.Final.jar;C:\Users\Siboniso Mabuza\.m2\repository\io\netty\netty-transport-native-unix-common\4.1.79.Final\netty-transport-native-unix-common-4.1.79.Final.jar;C:\Users\Siboniso Mabuza\.m2\repository\io\netty\netty-transport\4.1.79.Final\netty-transport-4.1.79.Final.jar;C:\Users\Siboniso Mabuza\.m2\repository\io\netty\netty-resolver\4.1.79.Final\netty-resolver-4.1.79.Final.jar;C:\Users\Siboniso Mabuza\.m2\repository\io\opentelemetry\opentelemetry-api\1.17.0\opentelemetry-api-1.17.0.jar;C:\Users\Siboniso Mabuza\.m2\repository\io\opentelemetry\opentelemetry-context\1.17.0\opentelemetry-context-1.17.0.jar;C:\Users\Siboniso Mabuza\.m2\repository\io\opentelemetry\opentelemetry-exporter-logging\1.17.0\opentelemetry-exporter-logging-1.17.0.jar;C:\Users\Siboniso Mabuza\.m2\repository\io\opentelemetry\opentelemetry-sdk-metrics\1.17.0\opentelemetry-sdk-metrics-1.17.0.jar;C:\Users\Siboniso Mabuza\.m2\repository\io\opentelemetry\opentelemetry-sdk-logs\1.17.0-alpha\opentelemetry-sdk-logs-1.17.0-alpha.jar;C:\Users\Siboniso Mabuza\.m2\repository\io\opentelemetry\opentelemetry-sdk-common\1.17.0\opentelemetry-sdk-common-1.17.0.jar;C:\Users\Siboniso Mabuza\.m2\repository\io\opentelemetry\opentelemetry-sdk-extension-autoconfigure-spi\1.17.0\opentelemetry-sdk-extension-autoconfigure-spi-1.17.0.jar;C:\Users\Siboniso Mabuza\.m2\repository\io\opentelemetry\opentelemetry-sdk-extension-autoconfigure\1.17.0-alpha\opentelemetry-sdk-extension-autoconfigure-1.17.0-alpha.jar;C:\Users\Siboniso Mabuza\.m2\repository\io\opentelemetry\opentelemetry-exporter-common\1.17.0\opentelemetry-exporter-common-1.17.0.jar;C:\Users\Siboniso Mabuza\.m2\repository\io\opentelemetry\opentelemetry-sdk-trace\1.17.0\opentelemetry-sdk-trace-1.17.0.jar;C:\Users\Siboniso Mabuza\.m2\repository\io\opentelemetry\opentelemetry-sdk\1.17.0\opentelemetry-sdk-1.17.0.jar;C:\Users\Siboniso Mabuza\.m2\repository\io\opentelemetry\opentelemetry-semconv\1.17.0-alpha\opentelemetry-semconv-1.17.0-alpha.jar;C:\Users\Siboniso Mabuza\.m2\repository\io\ous\jtoml\2.0.0\jtoml-2.0.0.jar;C:\Users\Siboniso Mabuza\.m2\repository\net\bytebuddy\byte-buddy\1.12.14\byte-buddy-1.12.14.jar;C:\Users\Siboniso Mabuza\.m2\repository\org\apache\commons\commons-exec\1.3\commons-exec-1.3.jar;C:\Users\Siboniso Mabuza\.m2\repository\org\asynchttpclient\async-http-client\2.12.3\async-http-client-2.12.3.jar;C:\Users\Siboniso Mabuza\.m2\repository\org\asynchttpclient\async-http-client-netty-utils\2.12.3\async-http-client-netty-utils-2.12.3.jar;C:\Users\Siboniso Mabuza\.m2\repository\io\netty\netty-codec-socks\4.1.60.Final\netty-codec-socks-4.1.60.Final.jar;C:\Users\Siboniso Mabuza\.m2\repository\io\netty\netty-handler-proxy\4.1.60.Final\netty-handler-proxy-4.1.60.Final.jar;C:\Users\Siboniso Mabuza\.m2\repository\io\netty\netty-transport-native-epoll\4.1.60.Final\netty-transport-native-epoll-4.1.60.Final-linux-x86_64.jar;C:\Users\Siboniso Mabuza\.m2\repository\io\netty\netty-transport-native-kqueue\4.1.60.Final\netty-transport-native-kqueue-4.1.60.Final-osx-x86_64.jar;C:\Users\Siboniso Mabuza\.m2\repository\com\typesafe\netty\netty-reactive-streams\2.0.4\netty-reactive-streams-2.0.4.jar;C:\Users\Siboniso Mabuza\.m2\repository\com\sun\activation\jakarta.activation\1.2.2\jakarta.activation-1.2.2.jar;C:\Users\Siboniso Mabuza\.m2\repository\org\seleniumhq\selenium\selenium-http\4.5.0\selenium-http-4.5.0.jar;C:\Users\Siboniso Mabuza\.m2\repository\dev\failsafe\failsafe\3.2.4\failsafe-3.2.4.jar;C:\Users\Siboniso Mabuza\.m2\repository\org\seleniumhq\selenium\selenium-safari-driver\4.5.0\selenium-safari-driver-4.5.0.jar;C:\Users\Siboniso Mabuza\.m2\repository\org\seleniumhq\selenium\selenium-support\4.5.0\selenium-support-4.5.0.jar;C:\Users\Siboniso Mabuza\.m2\repository\org\testng\testng\7.6.1\testng-7.6.1.jar;C:\Users\Siboniso Mabuza\.m2\repository\com\google\code\findbugs\jsr305\3.0.2\jsr305-3.0.2.jar;C:\Users\Siboniso Mabuza\.m2\repository\org\slf4j\slf4j-api\1.7.36\slf4j-api-1.7.36.jar;C:\Users\Siboniso Mabuza\.m2\repository\com\beust\jcommander\1.82\jcommander-1.82.jar;C:\Users\Siboniso Mabuza\.m2\repository\org\webjars\jquery\3.6.0\jquery-3.6.0.jar;C:\Users\Siboniso Mabuza\.m2\repository\io\github\bonigarcia\webdrivermanager\5.3.0\webdrivermanager-5.3.0.jar;C:\Users\Siboniso Mabuza\.m2\repository\com\google\code\gson\gson\2.9.1\gson-2.9.1.jar;C:\Users\Siboniso Mabuza\.m2\repository\com\github\docker-java\docker-java\3.2.13\docker-java-3.2.13.jar;C:\Users\Siboniso Mabuza\.m2\repository\com\github\docker-java\docker-java-core\3.2.13\docker-java-core-3.2.13.jar;C:\Users\Siboniso Mabuza\.m2\repository\com\github\docker-java\docker-java-api\3.2.13\docker-java-api-3.2.13.jar;C:\Users\Siboniso Mabuza\.m2\repository\com\fasterxml\jackson\core\jackson-annotations\2.10.3\jackson-annotations-2.10.3.jar;C:\Users\Siboniso Mabuza\.m2\repository\com\fasterxml\jackson\core\jackson-databind\2.10.3\jackson-databind-2.10.3.jar;C:\Users\Siboniso Mabuza\.m2\repository\com\fasterxml\jackson\core\jackson-core\2.10.3\jackson-core-2.10.3.jar;C:\Users\Siboniso Mabuza\.m2\repository\org\bouncycastle\bcpkix-jdk15on\1.64\bcpkix-jdk15on-1.64.jar;C:\Users\Siboniso Mabuza\.m2\repository\org\bouncycastle\bcprov-jdk15on\1.64\bcprov-jdk15on-1.64.jar;C:\Users\Siboniso Mabuza\.m2\repository\org\slf4j\jcl-over-slf4j\1.7.30\jcl-over-slf4j-1.7.30.jar;C:\Users\Siboniso Mabuza\.m2\repository\com\github\docker-java\docker-java-transport-httpclient5\3.2.13\docker-java-transport-httpclient5-3.2.13.jar;C:\Users\Siboniso Mabuza\.m2\repository\com\github\docker-java\docker-java-transport\3.2.13\docker-java-transport-3.2.13.jar;C:\Users\Siboniso Mabuza\.m2\repository\net\java\dev\jna\jna\5.8.0\jna-5.8.0.jar;C:\Users\Siboniso Mabuza\.m2\repository\org\brotli\dec\0.1.2\dec-0.1.2.jar;C:\Users\Siboniso Mabuza\.m2\repository\org\apache\commons\commons-lang3\3.12.0\commons-lang3-3.12.0.jar;C:\Users\Siboniso Mabuza\.m2\repository\org\apache\httpcomponents\client5\httpclient5\5.1.3\httpclient5-5.1.3.jar;C:\Users\Siboniso Mabuza\.m2\repository\org\apache\httpcomponents\core5\httpcore5\5.1.3\httpcore5-5.1.3.jar;C:\Users\Siboniso Mabuza\.m2\repository\org\apache\httpcomponents\core5\httpcore5-h2\5.1.3\httpcore5-h2-5.1.3.jar;C:\Users\Siboniso Mabuza\.m2\repository\commons-codec\commons-codec\1.15\commons-codec-1.15.jar;C:\Users\Siboniso Mabuza\.m2\repository\com\aventstack\extentreports\5.0.9\extentreports-5.0.9.jar;C:\Users\Siboniso Mabuza\.m2\repository\io\reactivex\rxjava3\rxjava\3.0.4\rxjava-3.0.4.jar;C:\Users\Siboniso Mabuza\.m2\repository\org\reactivestreams\reactive-streams\1.0.3\reactive-streams-1.0.3.jar;C:\Users\Siboniso Mabuza\.m2\repository\org\freemarker\freemarker\2.3.30\freemarker-2.3.30.jar;C:\Users\Siboniso Mabuza\.m2\repository\org\projectlombok\lombok\1.18.12\lombok-1.18.12.jar;C:\Users\Siboniso Mabuza\.m2\repository\junit\junit\4.13.1\junit-4.13.1.jar;C:\Users\Siboniso Mabuza\.m2\repository\org\hamcrest\hamcrest-core\1.3\hamcrest-core-1.3.jar;C:\Users\Siboniso Mabuza\.m2\repository\org\apache\poi\poi-ooxml\5.2.3\poi-ooxml-5.2.3.jar;C:\Users\Siboniso Mabuza\.m2\repository\org\apache\poi\poi\5.2.3\poi-5.2.3.jar;C:\Users\Siboniso Mabuza\.m2\repository\org\apache\commons\commons-math3\3.6.1\commons-math3-3.6.1.jar;C:\Users\Siboniso Mabuza\.m2\repository\com\zaxxer\SparseBitSet\1.2\SparseBitSet-1.2.jar;C:\Users\Siboniso Mabuza\.m2\repository\org\apache\poi\poi-ooxml-lite\5.2.3\poi-ooxml-lite-5.2.3.jar;C:\Users\Siboniso Mabuza\.m2\repository\org\apache\xmlbeans\xmlbeans\5.1.1\xmlbeans-5.1.1.jar;C:\Users\Siboniso Mabuza\.m2\repository\org\apache\commons\commons-compress\1.21\commons-compress-1.21.jar;C:\Users\Siboniso Mabuza\.m2\repository\commons-io\commons-io\2.11.0\commons-io-2.11.0.jar;C:\Users\Siboniso Mabuza\.m2\repository\com\github\virtuald\curvesapi\1.07\curvesapi-1.07.jar;C:\Users\Siboniso Mabuza\.m2\repository\org\apache\logging\log4j\log4j-api\2.18.0\log4j-api-2.18.0.jar;C:\Users\Siboniso Mabuza\.m2\repository\org\apache\commons\commons-collections4\4.4\commons-collections4-4.4.jar
Launcher Type: SUN_STANDARD

[Global flags]
     intx CICompilerCount                          = 3                                         {product} {ergonomic}
     uint ConcGCThreads                            = 1                                         {product} {ergonomic}
     uint G1ConcRefinementThreads                  = 4                                         {product} {ergonomic}
   size_t G1HeapRegionSize                         = 1048576                                   {product} {ergonomic}
    uintx GCDrainStackTargetSize                   = 64                                        {product} {ergonomic}
   size_t InitialHeapSize                          = 134217728                                 {product} {ergonomic}
   size_t MarkStackSize                            = 4194304                                   {product} {ergonomic}
   size_t MaxHeapSize                              = 2116026368                                {product} {ergonomic}
   size_t MaxNewSize                               = 1268776960                                {product} {ergonomic}
   size_t MinHeapDeltaBytes                        = 1048576                                   {product} {ergonomic}
   size_t MinHeapSize                              = 8388608                                   {product} {ergonomic}
    uintx NonNMethodCodeHeapSize                   = 5832780                                {pd product} {ergonomic}
    uintx NonProfiledCodeHeapSize                  = 122912730                              {pd product} {ergonomic}
    uintx ProfiledCodeHeapSize                     = 122912730                              {pd product} {ergonomic}
    uintx ReservedCodeCacheSize                    = 251658240                              {pd product} {ergonomic}
     bool SegmentedCodeCache                       = true                                      {product} {ergonomic}
   size_t SoftMaxHeapSize                          = 2116026368                             {manageable} {ergonomic}
     bool UseCompressedClassPointers               = true                           {product lp64_product} {ergonomic}
     bool UseCompressedOops                        = true                           {product lp64_product} {ergonomic}
     bool UseG1GC                                  = true                                      {product} {ergonomic}
     bool UseLargePagesIndividualAllocation        = false                                  {pd product} {ergonomic}

Logging:
Log output configuration:
 #0: stdout all=warning uptime,level,tags foldmultilines=false
 #1: stderr all=off uptime,level,tags foldmultilines=false

Environment Variables:
JAVA_HOME=C:\Program Files\Java\jdk1.8.0_181
PATH=C:\Program Files\Common Files\Oracle\Java\javapath;C:\Windows\System32\;C:\Python39\;C:\app\mabuzas\product\12.1.0\dbhome_2\bin;C:\app\mabuzas\product\12.1.0\dbhome_1\bin;C:\Program Files (x86)\Common Files\Oracle\Java\javapath;C:\oraclexe\app\oracle\product\11.2.0\server\bin;C:\Program Files (x86)\Intel\iCLS Client\;C:\Program Files\Intel\iCLS Client\;C:\WINDOWS\system32;C:\WINDOWS;C:\WINDOWS\System32\Wbem;C:\WINDOWS\System32\WindowsPowerShell\v1.0\;C:\Program Files (x86)\Intel\Intel(R) Management Engine Components\DAL;C:\Program Files\Intel\Intel(R) Management Engine Components\DAL;C:\Program Files (x86)\Intel\Intel(R) Management Engine Components\IPT;C:\Program Files\Intel\Intel(R) Management Engine Components\IPT;C:\Program Files (x86)\Microsoft SQL Server\140\Tools\Binn\;C:\Program Files\Microsoft SQL Server\140\Tools\Binn\;C:\Program Files (x86)\Microsoft SQL Server\140\DTS\Binn\;C:\Program Files\Microsoft SQL Server\140\DTS\Binn\;C:\Program Files\Microsoft SQL Server\Client SDK\ODBC\130\Tools\Binn\;C:\Program Files (x86)\Microsoft SQL Server\Client SDK\ODBC\130\Tools\Binn\;C:\Program Files (x86)\Microsoft SQL Server\140\Tools\Binn\ManagementStudio\;C:\WINDOWS\System32\OpenSSH\;C:\WINDOWS\system32\config\systemprofile\.dnx\bin;C:\Program Files\Microsoft DNX\Dnvm\;C:\Program Files\Microsoft SQL Server\130\Tools\Binn\;C:\Program Files\Java\jdk1.8.0_181;C:\Users\Siboniso Mabuza\AppData\Local\Android\Sdk;C:\Program Files\Intel\WiFi\bin\;C:\Program Files\Common Files\Intel\WirelessCommon\;C:\Program Files\dotnet\;C:\Program Files\Microsoft SQL Server Migration Assistant for Access\bin\;c:\Program Files\Microsoft SQL Server Migration Assistant for MySQL\bin\;C:\Program Files\Microsoft\Web Platform Installer\;C:\Program Files\Microsoft SQL Server\Client SDK\ODBC\170\Tools\Binn\;C:\Program Files\nodejs\;C:\ProgramData\chocolatey\bin;C:\HashiCorp\Vagrant\bin;C:\Program Files (x86)\Vim\vim80;C:\Program Files\Go\bin;C:\Program Files\allure\2.15.0\bin;E:\Git\cmd;C:\Program Files\apache-maven-3.8.3\bin;C:\Users\Siboniso Mabuza\AppData\Local\GitHubDesktop\bin;E:\Microsoft VS Code\bin
USERNAME=Siboniso
OS=Windows_NT
PROCESSOR_IDENTIFIER=Intel64 Family 6 Model 142 Stepping 9, GenuineIntel



---------------  S Y S T E M  ---------------

OS:
 Windows 10 , 64 bit Build 19041 (10.0.19041.1889)
OS uptime: 0 days 1:00 hours

CPU: total 4 (initial active 4) (2 cores per cpu, 2 threads per core) family 6 model 142 stepping 9 microcode 0xb4, cx8, cmov, fxsr, ht, mmx, 3dnowpref, sse, sse2, sse3, ssse3, sse4.1, sse4.2, popcnt, lzcnt, tsc, tscinvbit, avx, avx2, aes, erms, clmul, bmi1, bmi2, adx, fma, vzeroupper, clflush, clflushopt

Memory: 4k page, system-wide physical 8064M (363M free)
TotalPageFile size 9968M (AvailPageFile size 3M)
current process WorkingSet (physical memory assigned to process): 127M, peak: 150M
current process commit charge ("private bytes"): 211M, peak: 251M

vm_info: OpenJDK 64-Bit Server VM (18.0.1.1+2-6) for windows-amd64 JRE (18.0.1.1+2-6), built on Apr 25 2022 21:50:56 by "mach5one" with MS VC++ 16.8 / 16.9 (VS2019)

END.
